<?xml version="1.0" encoding="UTF-8"?>
<robot generator="Robot 6.0.2 (Python 3.11.0 on win32)" generated="20231201 18:50:14.549" rpa="false" schemaversion="3">
<suite id="s1" name="Login" source="E:\erlkonig\universe-blog\src\test\java\com\fluffy\universe\robotframework\acceptance\login.robot">
<test id="s1-t1" name="Login" line="16">
<kw name="Valid Login">
<kw name="Create Webdriver" library="SeleniumLibrary">
<arg>Chrome</arg>
<arg>executable_path=${EXECDIR}</arg>
<doc>Creates an instance of Selenium WebDriver.</doc>
<msg timestamp="20231201 18:50:14.950" level="INFO">Creating an instance of the Chrome WebDriver.</msg>
<msg timestamp="20231201 18:50:18.982" level="INFO">Cannot capture screenshot because no browser is open.</msg>
<msg timestamp="20231201 18:50:18.982" level="FAIL">SessionNotCreatedException: Message: session not created: This version of ChromeDriver only supports Chrome version 114
Current browser version is 119.0.6045.200 with binary path C:\Program Files (x86)\Google\Chrome\Application\chrome.exe
Stacktrace:
Backtrace:
	GetHandleVerifier [0x0035A813+48355]
	(No symbol) [0x002EC4B1]
	(No symbol) [0x001F5358]
	(No symbol) [0x002161AC]
	(No symbol) [0x00211EF3]
	(No symbol) [0x00210579]
	(No symbol) [0x00240C55]
	(No symbol) [0x0024093C]
	(No symbol) [0x0023A536]
	(No symbol) [0x002182DC]
	(No symbol) [0x002193DD]
	GetHandleVerifier [0x005BAABD+2539405]
	GetHandleVerifier [0x005FA78F+2800735]
	GetHandleVerifier [0x005F456C+2775612]
	GetHandleVerifier [0x003E51E0+616112]
	(No symbol) [0x002F5F8C]
	(No symbol) [0x002F2328]
	(No symbol) [0x002F240B]
	(No symbol) [0x002E4FF7]
	BaseThreadInitThunk [0x768AFCC9+25]
	RtlGetAppContainerNamedObjectPath [0x77137C6E+286]
	RtlGetAppContainerNamedObjectPath [0x77137C3E+238]
</msg>
<status status="FAIL" starttime="20231201 18:50:14.949" endtime="20231201 18:50:19.006"/>
</kw>
<kw name="Open Browser" library="SeleniumLibrary">
<arg>${LOGIN URL}</arg>
<arg>${BROWSER}</arg>
<doc>Opens a new browser instance to the optional ``url``.</doc>
<status status="NOT RUN" starttime="20231201 18:50:19.006" endtime="20231201 18:50:19.006"/>
</kw>
<kw name="Maximize Browser Window" library="SeleniumLibrary">
<doc>Maximizes current browser window.</doc>
<status status="NOT RUN" starttime="20231201 18:50:19.006" endtime="20231201 18:50:19.007"/>
</kw>
<kw name="Click Element" library="SeleniumLibrary">
<arg>xpath://*[@id="sign-in__email"]</arg>
<doc>Click the element identified by ``locator``.</doc>
<status status="NOT RUN" starttime="20231201 18:50:19.007" endtime="20231201 18:50:19.007"/>
</kw>
<kw name="Input Text" library="SeleniumLibrary">
<arg>id:sign-in__email</arg>
<arg>${VALID_EMAIL}</arg>
<doc>Types the given ``text`` into the text field identified by ``locator``.</doc>
<status status="NOT RUN" starttime="20231201 18:50:19.007" endtime="20231201 18:50:19.007"/>
</kw>
<kw name="Click Element" library="SeleniumLibrary">
<arg>xpath://*[@id="sign-in__password"]</arg>
<doc>Click the element identified by ``locator``.</doc>
<status status="NOT RUN" starttime="20231201 18:50:19.007" endtime="20231201 18:50:19.007"/>
</kw>
<kw name="Input Text" library="SeleniumLibrary">
<arg>id:sign-in__password</arg>
<arg>${VALID_PASS}</arg>
<doc>Types the given ``text`` into the text field identified by ``locator``.</doc>
<status status="NOT RUN" starttime="20231201 18:50:19.008" endtime="20231201 18:50:19.008"/>
</kw>
<kw name="Click Element" library="SeleniumLibrary">
<arg>xpath:/html/body/div[1]/main/div/form/div[5]/div/button</arg>
<doc>Click the element identified by ``locator``.</doc>
<status status="NOT RUN" starttime="20231201 18:50:19.008" endtime="20231201 18:50:19.008"/>
</kw>
<kw name="Wait Until Page Contains" library="SeleniumLibrary">
<arg>New post</arg>
<doc>Waits until ``text`` appears on the current page.</doc>
<status status="NOT RUN" starttime="20231201 18:50:19.008" endtime="20231201 18:50:19.008"/>
</kw>
<kw name="Click Element" library="SeleniumLibrary">
<arg>xpath:/html/body/header/nav/ul/li[2]/div/button/img</arg>
<doc>Click the element identified by ``locator``.</doc>
<status status="NOT RUN" starttime="20231201 18:50:19.008" endtime="20231201 18:50:19.008"/>
</kw>
<kw name="Take Screenshot" library="Screenshot">
<doc>Takes a screenshot in JPEG format and embeds it into the log file.</doc>
<status status="NOT RUN" starttime="20231201 18:50:19.009" endtime="20231201 18:50:19.009"/>
</kw>
<kw name="Close Browser" library="SeleniumLibrary" type="TEARDOWN">
<doc>Closes the current browser.</doc>
<status status="PASS" starttime="20231201 18:50:19.009" endtime="20231201 18:50:19.009"/>
</kw>
<status status="FAIL" starttime="20231201 18:50:14.948" endtime="20231201 18:50:19.009"/>
</kw>
<status status="FAIL" starttime="20231201 18:50:14.947" endtime="20231201 18:50:19.010">SessionNotCreatedException: Message: session not created: This version of ChromeDriver only supports Chrome version 114
Current browser version is 119.0.6045.200 with binary path C:\Program Files (x86)\Google\Chrome\Application\chrome.exe
Stacktrace:
Backtrace:
	GetHandleVerifier [0x0035A813+48355]
	(No symbol) [0x002EC4B1]
	(No symbol) [0x001F5358]
	(No symbol) [0x002161AC]
	(No symbol) [0x00211EF3]
	(No symbol) [0x00210579]
	(No symbol) [0x00240C55]
	(No symbol) [0x0024093C]
	(No symbol) [0x0023A536]
	(No symbol) [0x002182DC]
	(No symbol) [0x002193DD]
	GetHandleVerifier [0x005BAABD+2539405]
	GetHandleVerifier [0x005FA78F+2800735]
	GetHandleVerifier [0x005F456C+2775612]
	GetHandleVerifier [0x003E51E0+616112]
	(No symbol) [0x002F5F8C]
	(No symbol) [0x002F2328]
	(No symbol) [0x002F240B]
	(No symbol) [0x002E4FF7]
	BaseThreadInitThunk [0x768AFCC9+25]
	RtlGetAppContainerNamedObjectPath [0x77137C6E+286]
	RtlGetAppContainerNamedObjectPath [0x77137C3E+238]
</status>
</test>
<status status="FAIL" starttime="20231201 18:50:14.552" endtime="20231201 18:50:19.011"/>
</suite>
<statistics>
<total>
<stat pass="0" fail="1" skip="0">All Tests</stat>
</total>
<tag>
</tag>
<suite>
<stat pass="0" fail="1" skip="0" id="s1" name="Login">Login</stat>
</suite>
</statistics>
<errors>
</errors>
</robot>
